Acitvity Log File for Tetralympic Host
Developed by Kar
GitHub Repository: https://github.com/kKar1503/Tetralympic_Host.git

==============================

[Request from: 981510106468466778]
[Timestamp: 6/5/2022, 2:25:36 AM]
Activity: Commands are successfully deployed.
Note: 2 commands have been deployed.

==============================

[Request from: 0]
[Timestamp: 6/5/2022, 3:14:36 AM]
Activity: Listening on port https://localhost:3000/
Note: 

==============================

[Request from: 0]
[Timestamp: 6/5/2022, 3:14:55 AM]
Activity: Listening on port https://localhost:3000/
Note: 

==============================

[Request from: 0]
[Timestamp: 6/5/2022, 3:18:07 AM]
Activity: Listening on https://localhost:3000/
Note: 

==============================

[Request from: 0]
[Timestamp: 6/5/2022, 3:18:26 AM]
Activity: Listening on https://localhost:3000/
Note: 

==============================

[Request from: 0]
[Timestamp: 6/5/2022, 3:19:28 AM]
Activity: Listening on https://localhost:3000/
Note: 

==============================

[Request from: 0]
[Timestamp: 6/5/2022, 3:19:33 AM]
Activity: Listening on https://localhost:3000/
Note: 

==============================

[Request from: 0]
[Timestamp: 6/5/2022, 3:26:03 AM]
Activity: Listening on https://localhost:3000/
Note: 

==============================

[Request from: 0]
[Timestamp: 6/5/2022, 3:26:22 AM]
Activity: Listening on https://localhost:3000/
Note: 

==============================

[Request from: 0]
[Timestamp: 6/5/2022, 3:26:54 AM]
Activity: Listening on https://localhost:3000/
Note: 

==============================

[Request from: 0]
[Timestamp: 6/5/2022, 3:28:02 AM]
Activity: Listening on https://localhost:3000/
Note: 

==============================

[Request from: 0]
[Timestamp: 6/5/2022, 3:29:46 AM]
Activity: Listening on https://localhost:3000/
Note: 

==============================

[Request from: 0]
[Timestamp: 6/5/2022, 3:31:01 AM]
Activity: Listening on https://localhost:3000/
Note: 

==============================

[Request from: 0]
[Timestamp: 6/5/2022, 3:31:10 AM]
Activity: Listening on https://localhost:3000/
Note: 

==============================

[Request from: 0]
[Timestamp: 6/5/2022, 3:31:15 AM]
Activity: Listening on https://localhost:3000/
Note: 

==============================

[Request from: 0]
[Timestamp: 6/5/2022, 3:31:25 AM]
Activity: Listening on https://localhost:3000/
Note: 

==============================

[Request from: 0]
[Timestamp: 6/5/2022, 3:31:32 AM]
Activity: Listening on https://localhost:3000/
Note: 

==============================

[Request from: 0]
[Timestamp: 6/5/2022, 3:32:31 AM]
Activity: Listening on https://localhost:3000/
Note: 

==============================

[Request from: 0]
[Timestamp: 6/5/2022, 3:32:37 AM]
Activity: Listening on https://localhost:3000/
Note: 

==============================

[Request from: 0]
[Timestamp: 6/5/2022, 3:33:06 AM]
Activity: Listening on https://localhost:3000/
Note: 

==============================

[Request from: 0]
[Timestamp: 6/5/2022, 3:33:20 AM]
Activity: Listening on https://localhost:3000/
Note: 

==============================

[Request from: 0]
[Timestamp: 6/5/2022, 3:33:29 AM]
Activity: Listening on https://localhost:3000/
Note: 

==============================

[Request from: 0]
[Timestamp: 6/5/2022, 3:33:31 AM]
Activity: Listening on https://localhost:3000/
Note: 

==============================

[Request from: 0]
[Timestamp: 6/5/2022, 3:34:11 AM]
Activity: Listening on https://localhost:3000/
Note: 

==============================

[Request from: 0]
[Timestamp: 6/5/2022, 3:34:14 AM]
Activity: Listening on https://localhost:3000/
Note: 

==============================

[Request from: 0]
[Timestamp: 6/5/2022, 3:34:18 AM]
Activity: Listening on https://localhost:3000/
Note: 

==============================

[Request from: 0]
[Timestamp: 6/5/2022, 3:34:24 AM]
Activity: Listening on https://localhost:3000/
Note: 

==============================

[Request from: 0]
[Timestamp: 6/5/2022, 3:38:38 AM]
Activity: Listening on https://localhost:3000/
Note: 

==============================

[Request from: 0]
[Timestamp: 6/5/2022, 3:39:01 AM]
Activity: Listening on https://localhost:3000/
Note: 

==============================

[Request from: 0]
[Timestamp: 6/5/2022, 3:39:30 AM]
Activity: Listening on https://localhost:3000/
Note: 

==============================

